<?xml version="1.0" encoding="UTF-8"?>
<testsuite xmlns:xsi="http://www.w3.org/2001/XMLSchema-instance" xsi:noNamespaceSchemaLocation="https://maven.apache.org/surefire/maven-surefire-plugin/xsd/surefire-test-report.xsd" name="com.akka.epcots.FormatReader.service.GGAServiceTest" time="0.005" tests="4" errors="0" skipped="0" failures="0">
  <properties>
[...]
</properties>
  <testcase name="convertDate_string_return_Date" classname="com.akka.epcots.FormatReader.service.GGAServiceTest" time="0"/>
  <testcase name="convertDate_string_return_null" classname="com.akka.epcots.FormatReader.service.GGAServiceTest" time="0"/>
  <testcase name="extractGGA_VTGFrame_Return_null" classname="com.akka.epcots.FormatReader.service.GGAServiceTest" time="0"/>
  <testcase name="extractGGA_GGAFrame_Return_GGAFormat" classname="com.akka.epcots.FormatReader.service.GGAServiceTest" time="0"/>
</testsuite>